Running
Module loaded
2GPUs are available!
Using 2 GPUs!
Epoch 1 of 8
Epoch 2 of 8
Epoch 3 of 8
-------------------------------------------------------  ------------  ------------  ------------  ------------  ------------  ------------  ------------  ------------  ------------  ------------  
                                                   Name    Self CPU %      Self CPU   CPU total %     CPU total  CPU time avg     Self CUDA   Self CUDA %    CUDA total  CUDA time avg    # of Calls  
-------------------------------------------------------  ------------  ------------  ------------  ------------  ------------  ------------  ------------  ------------  ------------  ------------  
                                          ProfilerStep*        30.64%      365.785s        55.85%      666.649s      666.649s      364.211s        27.12%      666.655s      666.655s             1  
                aten::cudnn_convolution_backward_weight         1.57%       18.716s         5.49%       65.478s     495.593us      198.645s        14.79%      199.229s       1.508ms        132120  
                 aten::cudnn_convolution_backward_input         2.14%       25.497s         3.75%       44.788s     363.206us      191.749s        14.28%      192.155s       1.558ms        123312  
                                   DataParallel.forward         4.36%       52.059s         7.92%       94.511s      64.381ms      157.261s        11.71%      200.291s     136.438ms          1468  
                        aten::cudnn_batch_norm_backward         2.43%       29.055s         8.72%      104.143s     788.246us      150.816s        11.23%      151.611s       1.148ms        132120  
                              aten::leaky_relu_backward         1.20%       14.345s         1.20%       14.345s     116.331us       41.959s         3.12%       41.959s     340.263us        123312  
                               Optimizer.step#Adam.step         2.42%       28.839s         5.76%       68.709s      46.805ms       40.330s         3.00%       68.699s      46.798ms          1468  
                 aten::max_pool2d_with_indices_backward         0.87%       10.408s         0.90%       10.754s       1.221ms       23.915s         1.78%       29.713s       3.373ms          8808  
                                            aten::copy_         1.47%       17.575s         1.47%       17.575s     332.552us       19.087s         1.42%       19.087s     361.168us         52848  
                                              aten::add         0.63%        7.489s         0.63%        7.489s     115.942us       16.254s         1.21%       16.254s     251.637us         64592  
-------------------------------------------------------  ------------  ------------  ------------  ------------  ------------  ------------  ------------  ------------  ------------  ------------  
Self CPU time total: 1193.655s
Self CUDA time total: 1342.973s

Train Loss: 247.2985
-------------------------------------------------------  ------------  ------------  ------------  ------------  ------------  ------------  ------------  ------------  ------------  ------------  
                                                   Name    Self CPU %      Self CPU   CPU total %     CPU total  CPU time avg     Self CUDA   Self CUDA %    CUDA total  CUDA time avg    # of Calls  
-------------------------------------------------------  ------------  ------------  ------------  ------------  ------------  ------------  ------------  ------------  ------------  ------------  
                                          ProfilerStep*        30.64%      365.785s        55.85%      666.649s      666.649s      364.211s        27.12%      666.655s      666.655s             1  
autograd::engine::evaluate_function: CudnnConvolutio...         0.66%        7.880s        11.77%      140.447s       1.063ms     585.795ms         0.04%      409.315s       3.098ms        132120  
                              CudnnConvolutionBackward0         0.90%       10.717s        10.50%      125.370s     948.909us     465.593ms         0.03%      392.596s       2.972ms        132120  
                       aten::cudnn_convolution_backward         0.37%        4.387s         9.61%      114.653s     867.791us     746.188ms         0.06%      392.131s       2.968ms        132120  
                                   DataParallel.forward         4.36%       52.059s         7.92%       94.511s      64.381ms      157.261s        11.71%      200.291s     136.438ms          1468  
                aten::cudnn_convolution_backward_weight         1.57%       18.716s         5.49%       65.478s     495.593us      198.645s        14.79%      199.229s       1.508ms        132120  
                 aten::cudnn_convolution_backward_input         2.14%       25.497s         3.75%       44.788s     363.206us      191.749s        14.28%      192.155s       1.558ms        123312  
autograd::engine::evaluate_function: CudnnBatchNormB...         2.29%       27.350s        12.16%      145.124s       1.098ms     469.929ms         0.03%      152.558s       1.155ms        132120  
                                CudnnBatchNormBackward0         1.14%       13.631s         9.87%      117.774s     891.418us     476.639ms         0.04%      152.088s       1.151ms        132120  
                        aten::cudnn_batch_norm_backward         2.43%       29.055s         8.72%      104.143s     788.246us      150.816s        11.23%      151.611s       1.148ms        132120  
-------------------------------------------------------  ------------  ------------  ------------  ------------  ------------  ------------  ------------  ------------  ------------  ------------  
Self CPU time total: 1193.655s
Self CUDA time total: 1342.973s

Done
